#
# There is insufficient memory for the Java Runtime Environment to continue.
# Native memory allocation (malloc) failed to allocate 1048576 bytes for AllocateHeap
# Possible reasons:
#   The system is out of physical RAM or swap space
#   In 32 bit mode, the process size limit was hit
# Possible solutions:
#   Reduce memory load on the system
#   Increase physical memory or swap space
#   Check if swap backing store is full
#   Use 64 bit Java on a 64 bit OS
#   Decrease Java heap size (-Xmx/-Xms)
#   Decrease number of Java threads
#   Decrease Java thread stack sizes (-Xss)
#   Set larger code cache with -XX:ReservedCodeCacheSize=
# This output file may be truncated or incomplete.
#
#  Out of Memory Error (memory/allocation.inline.hpp:61), pid=10452, tid=0x0000000000002824
#
# JRE version:  (8.0_144-b01) (build )
# Java VM: Java HotSpot(TM) 64-Bit Server VM (25.144-b01 mixed mode windows-amd64 compressed oops)
# Failed to write core dump. Minidumps are not enabled by default on client versions of Windows
#

---------------  T H R E A D  ---------------

Current thread (0x0000000002121000):  JavaThread "Unknown thread" [_thread_in_vm, id=10276, stack(0x0000000001fb0000,0x00000000020b0000)]

Stack: [0x0000000001fb0000,0x00000000020b0000]
[error occurred during error reporting (printing stack bounds), id 0xc0000005]

Native frames: (J=compiled Java code, j=interpreted, Vv=VM code, C=native code)


---------------  P R O C E S S  ---------------

Java Threads: ( => current thread )

Other Threads:

=>0x0000000002121000 (exited) JavaThread "Unknown thread" [_thread_in_vm, id=10276, stack(0x0000000001fb0000,0x00000000020b0000)]

VM state:not at safepoint (normal execution)

VM Mutex/Monitor currently owned by a thread: None

Heap:
 PSYoungGen      total 18944K, used 327K [0x00000000eb200000, 0x00000000ec700000, 0x0000000100000000)
  eden space 16384K, 2% used [0x00000000eb200000,0x00000000eb251ec8,0x00000000ec200000)
  from space 2560K, 0% used [0x00000000ec480000,0x00000000ec480000,0x00000000ec700000)
  to   space 2560K, 0% used [0x00000000ec200000,0x00000000ec200000,0x00000000ec480000)
 ParOldGen       total 44032K, used 0K [0x00000000c1600000, 0x00000000c4100000, 0x00000000eb200000)
  object space 44032K, 0% used [0x00000000c1600000,0x00000000c1600000,0x00000000c4100000)
 Metaspace       used 770K, capacity 4480K, committed 4480K, reserved 1056768K
  class space    used 75K, capacity 384K, committed 384K, reserved 1048576K

Card table byte_map: [0x00000000115e0000,0x00000000117e0000] byte_map_base: 0x0000000010fd5000

Marking Bits: (ParMarkBitMap*) 0x0000000066dfd850
 Begin Bits: [0x0000000011d30000, 0x0000000012cd8000)
 End Bits:   [0x0000000012cd8000, 0x0000000013c80000)

Polling page: 0x00000000001f0000

CodeCache: size=245760Kb used=328Kb max_used=328Kb free=245431Kb
 bounds [0x0000000002220000, 0x0000000002490000, 0x0000000011220000]
 total_blobs=58 nmethods=0 adapters=38
 compilation: enabled

Compilation events (0 events):
No events

GC Heap History (0 events):
No events

Deoptimization events (0 events):
No events

Internal exceptions (0 events):
No events

Events (10 events):
Event: 0.050 loading class java/lang/Short
Event: 0.050 loading class java/lang/Short done
Event: 0.050 loading class java/lang/Integer
Event: 0.050 loading class java/lang/Integer done
Event: 0.050 loading class java/lang/Long
Event: 0.050 loading class java/lang/Long done
Event: 0.051 loading class java/lang/NullPointerException
Event: 0.051 loading class java/lang/NullPointerException done
Event: 0.051 loading class java/lang/ArithmeticException
Event: 0.051 loading class java/lang/ArithmeticException done


Dynamic libraries:
0x00007ff68ce80000 - 0x00007ff68ceb7000 	C:\Program Files\Java\jdk1.8.0_144\bin\java.exe
0x00007fffd5250000 - 0x00007fffd5411000 	C:\Windows\SYSTEM32\ntdll.dll
0x00007fffd49f0000 - 0x00007fffd4a9d000 	C:\Windows\system32\KERNEL32.DLL
0x00007fffd2120000 - 0x00007fffd2308000 	C:\Windows\system32\KERNELBASE.dll
0x00007fffd28a0000 - 0x00007fffd2947000 	C:\Windows\system32\ADVAPI32.dll
0x00007fffd26b0000 - 0x00007fffd274d000 	C:\Windows\system32\msvcrt.dll
0x00007fffd4ed0000 - 0x00007fffd4f2b000 	C:\Windows\system32\sechost.dll
0x00007fffd2c00000 - 0x00007fffd2d1c000 	C:\Windows\system32\RPCRT4.dll
0x00007fffd4600000 - 0x00007fffd4756000 	C:\Windows\system32\USER32.dll
0x00007fffd4f30000 - 0x00007fffd50b6000 	C:\Windows\system32\GDI32.dll
0x00007fffb4f50000 - 0x00007fffb51c4000 	C:\Windows\WinSxS\amd64_microsoft.windows.common-controls_6595b64144ccf1df_6.0.10586.0_none_8c15ae12515e1c22\COMCTL32.dll
0x00007fffd4770000 - 0x00007fffd49ed000 	C:\Windows\system32\combase.dll
0x00007fffd2380000 - 0x00007fffd23ea000 	C:\Windows\system32\bcryptPrimitives.dll
0x00007fffd5210000 - 0x00007fffd524b000 	C:\Windows\system32\IMM32.DLL
0x0000000066500000 - 0x00000000665d2000 	C:\Program Files\Java\jdk1.8.0_144\jre\bin\msvcr100.dll
0x00000000665e0000 - 0x0000000066e7d000 	C:\Program Files\Java\jdk1.8.0_144\jre\bin\server\jvm.dll
0x00007fffd2e80000 - 0x00007fffd2e88000 	C:\Windows\system32\PSAPI.DLL
0x00007fffafeb0000 - 0x00007fffafeb9000 	C:\Windows\SYSTEM32\WSOCK32.dll
0x00007fffcfaf0000 - 0x00007fffcfb13000 	C:\Windows\SYSTEM32\WINMM.dll
0x00007fffd50d0000 - 0x00007fffd513b000 	C:\Windows\system32\WS2_32.dll
0x00007fffc7120000 - 0x00007fffc712a000 	C:\Windows\SYSTEM32\VERSION.dll
0x00007fffcfa90000 - 0x00007fffcfabc000 	C:\Windows\SYSTEM32\WINMMBASE.dll
0x00007fffd2310000 - 0x00007fffd2353000 	C:\Windows\system32\cfgmgr32.dll
0x00000000664b0000 - 0x00000000664bf000 	C:\Program Files\Java\jdk1.8.0_144\jre\bin\verify.dll
0x0000000066480000 - 0x00000000664a9000 	C:\Program Files\Java\jdk1.8.0_144\jre\bin\java.dll
0x0000000066460000 - 0x0000000066476000 	C:\Program Files\Java\jdk1.8.0_144\jre\bin\zip.dll

VM Arguments:
jvm_args: -Dfile.encoding=UTF-8 
java_command: Chucnang.THEMTC
java_class_path (initial): C:\Users\Administrator\Desktop\CMPM_Khanh\jcalendar-1.2.2.jar;C:\Users\Administrator\Desktop\CMPM_Khanh\sqljdbc4.jar;C:\Users\Administrator\Desktop\CMPM_Khanh\OTOG1\build\classes
Launcher Type: SUN_STANDARD

Environment Variables:
PATH=C:\ProgramData\Oracle\Java\javapath;C:\Windows\system32;C:\Windows;C:\Windows\System32\Wbem;C:\Windows\System32\WindowsPowerShell\v1.0\;C:\Program Files\Common Files\Autodesk Shared\;C:\Program Files\Microsoft SQL Server\120\DTS\Binn\;C:\Program Files\Microsoft SQL Server\Client SDK\ODBC\110\Tools\Binn\;C:\Program Files (x86)\Microsoft SQL Server\120\Tools\Binn\;C:\Program Files\Microsoft SQL Server\120\Tools\Binn\;C:\Program Files (x86)\Microsoft SQL Server\120\Tools\Binn\ManagementStudio\;C:\Program Files (x86)\Microsoft SQL Server\120\DTS\Binn\;
USERNAME=Administrator
OS=Windows_NT
PROCESSOR_IDENTIFIER=Intel64 Family 6 Model 69 Stepping 1, GenuineIntel



---------------  S Y S T E M  ---------------

OS: Windows 10.0 , 64 bit Build 10586 (10.0.10586.0)

CPU:total 4 (initial active 4) (2 cores per cpu, 2 threads per core) family 6 model 69 stepping 1, cmov, cx8, fxsr, mmx, sse, sse2, sse3, ssse3, sse4.1, sse4.2, popcnt, avx, avx2, aes, clmul, erms, lzcnt, ht, tsc, tscinvbit, bmi1, bmi2

Memory: 4k page, physical 4097560k(614652k free), swap 10009828k(6116k free)

vm_info: Java HotSpot(TM) 64-Bit Server VM (25.144-b01) for windows-amd64 JRE (1.8.0_144-b01), built on Jul 21 2017 21:57:33 by "java_re" with MS VC++ 10.0 (VS2010)

time: Thu Oct 26 16:43:14 2017
elapsed time: 0 seconds (0d 0h 0m 0s)

